<?xml version="1.0" encoding="UTF-8"?>
<!-- Generated by org.testng.reporters.JUnitReportReporter -->
<testsuite hostname="Dell" failures="0" tests="4" name="Test.LoginTest" time="7.820" errors="0" timestamp="2022-07-18T10:35:39 IST" skipped="0">
  <testcase classname="Test.LoginTest" name="logincheck" time="3.993"/>
  <system-out/>
  <testcase classname="Test.LoginTest" name="logincheck" time="1.273"/>
  <system-out/>
  <testcase classname="Test.LoginTest" name="logincheck" time="1.279"/>
  <system-out/>
  <testcase classname="Test.LoginTest" name="logincheck" time="1.275"/>
  <system-out/>
</testsuite> <!-- Test.LoginTest -->
