<?xml version="1.0" encoding="UTF-8"?>
<!-- Generated by org.testng.reporters.JUnitReportReporter -->
<testsuite hostname="Dell" failures="0" tests="3" name="AddCartTest.TestClass_AddProductToCart" time="11.489" errors="0" timestamp="2022-07-02T10:54:14 IST" skipped="0">
  <testcase classname="AddCartTest.TestClass_AddProductToCart" name="searchpage" time="7.040"/>
  <system-out/>
  <testcase classname="AddCartTest.TestClass_AddProductToCart" name="switchpage" time="2.036"/>
  <system-out/>
  <testcase classname="AddCartTest.TestClass_AddProductToCart" name="product" time="2.413"/>
  <system-out/>
</testsuite> <!-- AddCartTest.TestClass_AddProductToCart -->
