<?xml version="1.0" encoding="UTF-8"?>
<!-- Generated by org.testng.reporters.JUnitReportReporter -->
<testsuite hostname="Dellinspiron" failures="0" tests="1" name="Test.test1" time="13.384" errors="0" timestamp="2022-06-23T20:17:24 IST" skipped="0">
  <testcase classname="Test.test1" name="T1" time="13.384"/>
  <system-out/>
</testsuite> <!-- Test.test1 -->
