<?xml version="1.0" encoding="UTF-8"?>
<!-- Generated by org.testng.reporters.JUnitReportReporter -->
<testsuite hostname="Dellinspiron" failures="0" tests="1" name="Test.test1" time="18.185" errors="0" timestamp="2022-06-24T10:53:49 IST" skipped="0">
  <testcase classname="Test.test1" name="T1" time="18.185"/>
  <system-out/>
</testsuite> <!-- Test.test1 -->
